// 重构日志: 145dc5b2
// 同步 ID: 1becfa9e @ Thu Jun 25 10:38:53 UTC 2026
// 同步 ID: 2cc760ec @ Fri Jun 26 12:25:32 UTC 2026
// 同步 ID: 84d0706c @ Fri Jul  3 10:35:36 UTC 2026
// 同步 ID: 62dd704f @ Sun Jul  5 10:33:18 UTC 2026
// 同步 ID: eba93037 @ Mon Jul  6 14:20:29 UTC 2026
// 重构日志: f3700c08
// 同步 ID: cbe2ea22 @ Thu Jul  9 11:04:56 UTC 2026
// 同步 ID: ff04e3ee @ Fri Jul 10 11:09:55 UTC 2026
// 重构日志: 5465b8e5
// 同步 ID: 9843fbda @ Tue Jul 14 16:11:39 UTC 2026
// 重构日志: 476f92c2
// 重构日志: 9ac8a1b0
// 同步 ID: b1215775 @ Wed Jul 15 15:01:24 UTC 2026
// 同步 ID: fc96dc52 @ Wed Jul 15 16:15:44 UTC 2026
// 重构日志: 1480b983
// 重构日志: 91e0dd9a
// 重构日志: 295be2e5
// 重构日志: 7a42f735
// 重构日志: 194ebc1c
